<?xml version="1.0" encoding="UTF-8"?>
<testng-results ignored="0" total="4" passed="1" failed="3" skipped="0">
  <reporter-output>
  </reporter-output>
  <suite started-at="2026-09-03T15:11:51 IST" name="Default suite" finished-at="2026-09-03T15:15:31 IST" duration-ms="219714">
    <groups>
      <group name="cucumber">
        <method signature="AbstractTestNGCucumberTests.runScenario(io.cucumber.testng.PickleWrapper,io.cucumber.testng.FeatureWrapper)[pri:0, instance:uiappfeatures.HomeRunnerTest@3e27ba32]" name="runScenario" class="io.cucumber.testng.AbstractTestNGCucumberTests"/>
      </group> <!-- cucumber -->
    </groups>
    <test started-at="2026-09-03T15:11:51 IST" name="Default test" finished-at="2026-09-03T15:15:31 IST" duration-ms="219714">
      <class name="uiappfeatures.HomeRunnerTest">
        <test-method is-config="true" signature="setUpClass(org.testng.ITestContext)[pri:0, instance:uiappfeatures.HomeRunnerTest@3e27ba32]" started-at="2026-09-03T15:11:51 IST" name="setUpClass" finished-at="2026-09-03T15:11:59 IST" duration-ms="8237" status="PASS">
          <params>
            <param index="0">
              <value>
                <![CDATA[org.testng.TestRunner@401e02b4]]>
              </value>
            </param>
          </params>
          <reporter-output>
          </reporter-output>
        </test-method> <!-- setUpClass -->
        <test-method signature="runScenario(io.cucumber.testng.PickleWrapper,io.cucumber.testng.FeatureWrapper)[pri:0, instance:uiappfeatures.HomeRunnerTest@3e27ba32]" started-at="2026-09-03T15:11:59 IST" name="runScenario" description="Runs Cucumber Scenarios" data-provider="scenarios" finished-at="2026-09-03T15:12:08 IST" duration-ms="8480" status="FAIL">
          <params>
            <param index="0">
              <value>
                <![CDATA["Verify title of page"]]>
              </value>
            </param>
            <param index="1">
              <value>
                <![CDATA["Homepage functionality"]]>
              </value>
            </param>
          </params>
          <exception class="java.lang.AssertionError">
            <message>
              <![CDATA[expected [true] but found [false]]]>
            </message>
            <full-stacktrace>
              <![CDATA[java.lang.AssertionError: expected [true] but found [false]
at org.testng.Assert.fail(Assert.java:110)
at org.testng.Assert.failNotEquals(Assert.java:1577)
at org.testng.Assert.assertEqualsImpl(Assert.java:149)
at org.testng.Assert.assertEquals(Assert.java:131)
at org.testng.Assert.assertEquals(Assert.java:1066)
at org.testng.Assert.assertEquals(Assert.java:1030)
at org.testng.Assert.assertEquals(Assert.java:1076)
at uiappfeatures.HomeSteps.page_title_should_contain(HomeSteps.java:41)
at ✽.page title should contain "Shopping"(file:///D:/Users/admin/eclipse-workspace/BDD_CucumberForPR/src/test/resources/uiAppFeatures/homapge.feature:4)
]]>
            </full-stacktrace>
          </exception> <!-- java.lang.AssertionError -->
          <reporter-output>
          </reporter-output>
        </test-method> <!-- runScenario -->
        <test-method signature="runScenario(io.cucumber.testng.PickleWrapper,io.cucumber.testng.FeatureWrapper)[pri:0, instance:uiappfeatures.HomeRunnerTest@3e27ba32]" started-at="2026-09-03T15:12:08 IST" name="runScenario" description="Runs Cucumber Scenarios" data-provider="scenarios" finished-at="2026-09-03T15:12:14 IST" duration-ms="5774" status="PASS">
          <params>
            <param index="0">
              <value>
                <![CDATA["Verify cart icon is displaying"]]>
              </value>
            </param>
            <param index="1">
              <value>
                <![CDATA["Homepage functionality"]]>
              </value>
            </param>
          </params>
          <reporter-output>
          </reporter-output>
        </test-method> <!-- runScenario -->
        <test-method signature="runScenario(io.cucumber.testng.PickleWrapper,io.cucumber.testng.FeatureWrapper)[pri:0, instance:uiappfeatures.HomeRunnerTest@3e27ba32]" started-at="2026-09-03T15:12:14 IST" name="runScenario" description="Runs Cucumber Scenarios" data-provider="scenarios" finished-at="2026-09-03T15:13:49 IST" duration-ms="95733" status="FAIL">
          <params>
            <param index="0">
              <value>
                <![CDATA["checkout the deal section"]]>
              </value>
            </param>
            <param index="1">
              <value>
                <![CDATA["Homepage functionality"]]>
              </value>
            </param>
          </params>
          <exception class="java.lang.NullPointerException">
            <message>
              <![CDATA[Cannot invoke "org.openqa.selenium.WebDriver.getClass()" because "exceptionDriver" is null]]>
            </message>
            <full-stacktrace>
              <![CDATA[java.lang.NullPointerException: Cannot invoke "org.openqa.selenium.WebDriver.getClass()" because "exceptionDriver" is null
at org.openqa.selenium.support.ui.WebDriverWait.timeoutException(WebDriverWait.java:85)
at org.openqa.selenium.support.ui.FluentWait.until(FluentWait.java:228)
at pages.Basepage.waitForVisibilityOfElement(Basepage.java:25)
at pages.HomePage.checkOutDealSection(HomePage.java:42)
at uiappfeatures.HomeSteps.user_click_on_deal_section(HomeSteps.java:47)
at ✽.user click on deal section(file:///D:/Users/admin/eclipse-workspace/BDD_CucumberForPR/src/test/resources/uiAppFeatures/homapge.feature:12)
]]>
            </full-stacktrace>
          </exception> <!-- java.lang.NullPointerException -->
          <reporter-output>
          </reporter-output>
        </test-method> <!-- runScenario -->
        <test-method signature="runScenario(io.cucumber.testng.PickleWrapper,io.cucumber.testng.FeatureWrapper)[pri:0, instance:uiappfeatures.HomeRunnerTest@3e27ba32]" started-at="2026-09-03T15:13:49 IST" name="runScenario" description="Runs Cucumber Scenarios" data-provider="scenarios" finished-at="2026-09-03T15:15:30 IST" duration-ms="100785" status="FAIL">
          <params>
            <param index="0">
              <value>
                <![CDATA["search mobile through home page"]]>
              </value>
            </param>
            <param index="1">
              <value>
                <![CDATA["Search functionality"]]>
              </value>
            </param>
          </params>
          <exception class="org.openqa.selenium.TimeoutException">
            <message>
              <![CDATA[Expected condition failed: waiting for visibility of Proxy element for: DefaultElementLocator 'By.xpath: //div[@role='listitem']//span[contains(text(),'Apple iPhone 17 Pro Max 2 TB')]' (tried for 90 second(s) with 500 milliseconds interval)]]>
            </message>
            <full-stacktrace>
              <![CDATA[org.openqa.selenium.TimeoutException: Expected condition failed: waiting for visibility of Proxy element for: DefaultElementLocator 'By.xpath: //div[@role='listitem']//span[contains(text(),'Apple iPhone 17 Pro Max 2 TB')]' (tried for 90 second(s) with 500 milliseconds interval)
at org.openqa.selenium.support.ui.WebDriverWait.timeoutException(WebDriverWait.java:84)
at org.openqa.selenium.support.ui.FluentWait.until(FluentWait.java:228)
at pages.Basepage.waitForVisibilityOfElement(Basepage.java:25)
at pages.SearchPage.isMobilePhoneDisplyed(SearchPage.java:37)
at uiappfeatures.SearchSteps.mobile_search_result_should_displyed(SearchSteps.java:29)
at ✽.mobile search result should displyed(file:///D:/Users/admin/eclipse-workspace/BDD_CucumberForPR/src/test/resources/uiAppFeatures/searchpage.feature:5)
Caused by: org.openqa.selenium.NoSuchElementException: no such element: Unable to locate element: {"method":"xpath","selector":"//div[@role='listitem']//span[contains(text(),'Apple iPhone 17 Pro Max 2 TB')]"}
  (Session info: chrome=152.0.7977.75)
For documentation on this error, please visit: https://www.selenium.dev/documentation/webdriver/troubleshooting/errors#nosuchelementexception
Build info: version: '4.39.0', revision: '126f156aee'
System info: os.name: 'Windows 10', os.arch: 'amd64', os.version: '10.0', java.version: '17.0.7'
Driver info: org.openqa.selenium.chrome.ChromeDriver
Command: [ad6834847d1c002282fc3d7d3804614b, findElement {value=//div[@role='listitem']//span[contains(text(),'Apple iPhone 17 Pro Max 2 TB')], using=xpath}]
Capabilities {acceptInsecureCerts: false, browserName: chrome, browserVersion: 152.0.7977.75, chrome: {chromedriverVersion: 152.0.7977.75 (4999cc1efed3..., userDataDir: C:\Users\admin\AppData\Loca...}, fedcm:accounts: true, goog:chromeOptions: {debuggerAddress: localhost:50043}, goog:processID: 9292, networkConnectionEnabled: false, pageLoadStrategy: normal, platformName: windows, proxy: Proxy(), se:cdp: ws://localhost:50043/devtoo..., se:cdpVersion: 152.0.7977.75, setWindowRect: true, strictFileInteractability: false, timeouts: {implicit: 0, pageLoad: 300000, script: 30000}, unhandledPromptBehavior: dismiss and notify, webauthn:extension:credBlob: true, webauthn:extension:largeBlob: true, webauthn:extension:minPinLength: true, webauthn:extension:prf: true, webauthn:virtualAuthenticators: true}
Session ID: ad6834847d1c002282fc3d7d3804614b
at jdk.internal.reflect.GeneratedConstructorAccessor12.newInstance(Unknown Source)
at java.base/jdk.internal.reflect.DelegatingConstructorAccessorImpl.newInstance(DelegatingConstructorAccessorImpl.java:45)
at java.base/java.lang.reflect.Constructor.newInstanceWithCaller(Constructor.java:499)
at java.base/java.lang.reflect.Constructor.newInstance(Constructor.java:480)
at org.openqa.selenium.remote.ErrorCodec.decode(ErrorCodec.java:167)
at org.openqa.selenium.remote.codec.w3c.W3CHttpResponseCodec.decode(W3CHttpResponseCodec.java:142)
at org.openqa.selenium.remote.codec.w3c.W3CHttpResponseCodec.decode(W3CHttpResponseCodec.java:49)
at org.openqa.selenium.remote.HttpCommandExecutor.execute(HttpCommandExecutor.java:215)
at org.openqa.selenium.remote.service.DriverCommandExecutor.invokeExecute(DriverCommandExecutor.java:216)
at org.openqa.selenium.remote.service.DriverCommandExecutor.execute(DriverCommandExecutor.java:174)
at org.openqa.selenium.remote.RemoteWebDriver.execute(RemoteWebDriver.java:561)
at org.openqa.selenium.remote.ElementLocation$ElementFinder$2.findElement(ElementLocation.java:166)
at org.openqa.selenium.remote.ElementLocation.findElement(ElementLocation.java:60)
at org.openqa.selenium.remote.RemoteWebDriver.findElement(RemoteWebDriver.java:384)
at org.openqa.selenium.remote.RemoteWebDriver.findElement(RemoteWebDriver.java:378)
at org.openqa.selenium.support.pagefactory.DefaultElementLocator.findElement(DefaultElementLocator.java:68)
at org.openqa.selenium.support.pagefactory.internal.LocatingElementHandler.invoke(LocatingElementHandler.java:38)
at jdk.proxy2/jdk.proxy2.$Proxy25.isDisplayed(Unknown Source)
at org.openqa.selenium.support.ui.ExpectedConditions.elementIfVisible(ExpectedConditions.java:308)
at org.openqa.selenium.support.ui.ExpectedConditions$10.apply(ExpectedConditions.java:294)
at org.openqa.selenium.support.ui.ExpectedConditions$10.apply(ExpectedConditions.java:291)
at org.openqa.selenium.support.ui.FluentWait.until(FluentWait.java:203)
... 4 more
]]>
            </full-stacktrace>
          </exception> <!-- org.openqa.selenium.TimeoutException -->
          <reporter-output>
          </reporter-output>
        </test-method> <!-- runScenario -->
        <test-method is-config="true" signature="tearDownClass()[pri:0, instance:uiappfeatures.HomeRunnerTest@3e27ba32]" started-at="2026-09-03T15:15:30 IST" name="tearDownClass" finished-at="2026-09-03T15:15:31 IST" duration-ms="581" status="PASS">
          <reporter-output>
          </reporter-output>
        </test-method> <!-- tearDownClass -->
      </class> <!-- uiappfeatures.HomeRunnerTest -->
    </test> <!-- Default test -->
  </suite> <!-- Default suite -->
</testng-results>
